<?xml version="1.0" encoding="UTF-8"?>
<!-- Generated by org.testng.reporters.JUnitXMLReporter -->
<testsuite ignored="0" hostname="IN-DCY1GK3" failures="0" tests="6" name="Surefire test" time="20.32" errors="0" timestamp="2023-09-10T16:30:48 IST">
  <testcase classname="test.ApiTest" name="AuthorizationTokenPost" time="5.194"/>
  <testcase classname="test.ApiTest" name="GetMethodTest" time="3.134"/>
  <testcase classname="test.ApiTest" name="PostMethodTest" time="3.36"/>
  <testcase classname="test.ApiTest" name="GetPostByIdTest" time="2.553"/>
  <testcase classname="test.ApiTest" name="UpdateMethodTest" time="3.097"/>
  <testcase classname="test.ApiTest" name="DeleteMethodTest" time="2.86"/>
</testsuite> <!-- Surefire test -->
