<?xml version="1.0" encoding="UTF-8"?>
<!-- Generated by org.testng.reporters.JUnitXMLReporter -->
<testsuite ignored="0" hostname="IN-DCY1GK3" failures="0" tests="6" name="Default test" time="18.013" errors="0" timestamp="2023-09-10T15:59:10 IST">
  <testcase classname="test.ApiTest" name="authorizationTokenPost" time="4.843"/>
  <testcase classname="test.ApiTest" name="getTest" time="2.939"/>
  <testcase classname="test.ApiTest" name="createPost" time="2.65"/>
  <testcase classname="test.ApiTest" name="GetPostById" time="2.383"/>
  <testcase classname="test.ApiTest" name="UpdatePost" time="2.483"/>
  <testcase classname="test.ApiTest" name="DeletePost" time="2.583"/>
</testsuite> <!-- Default test -->
