<?xml version="1.0" encoding="UTF-8"?>
<!-- Generated by org.testng.reporters.JUnitXMLReporter -->
<testsuite ignored="0" hostname="IN-DCY1GK3" failures="0" tests="6" name="Test" time="18.293" errors="0" timestamp="2023-09-11T13:19:04 IST">
  <testcase classname="test.ApiTest" name="AuthorizationTokenPost" time="5.323"/>
  <testcase classname="test.ApiTest" name="GetMethodTest" time="2.874"/>
  <testcase classname="test.ApiTest" name="PostMethodTest" time="2.783"/>
  <testcase classname="test.ApiTest" name="GetPostByIdTest" time="2.353"/>
  <testcase classname="test.ApiTest" name="UpdateMethodTest" time="2.434"/>
  <testcase classname="test.ApiTest" name="DeleteMethodTest" time="2.356"/>
</testsuite> <!-- Test -->
