<?xml version="1.0" encoding="UTF-8"?>
<testng-results ignored="0" total="6" passed="6" failed="0" skipped="0">
  <reporter-output>
  </reporter-output>
  <suite started-at="2023-09-10T16:30:28 IST" name="Surefire suite" finished-at="2023-09-10T16:30:48 IST" duration-ms="20320">
    <groups>
    </groups>
    <test started-at="2023-09-10T16:30:28 IST" name="Surefire test" finished-at="2023-09-10T16:30:48 IST" duration-ms="20320">
      <class name="test.ApiTest">
        <test-method signature="AuthorizationTokenPost()[pri:0, instance:test.ApiTest@3febb011]" started-at="2023-09-10T16:30:28 IST" name="AuthorizationTokenPost" finished-at="2023-09-10T16:30:33 IST" duration-ms="5194" status="PASS">
          <reporter-output>
          </reporter-output>
        </test-method> <!-- AuthorizationTokenPost -->
        <test-method signature="GetMethodTest()[pri:1, instance:test.ApiTest@3febb011]" started-at="2023-09-10T16:30:33 IST" name="GetMethodTest" finished-at="2023-09-10T16:30:36 IST" duration-ms="3134" status="PASS">
          <reporter-output>
          </reporter-output>
        </test-method> <!-- GetMethodTest -->
        <test-method signature="PostMethodTest()[pri:2, instance:test.ApiTest@3febb011]" started-at="2023-09-10T16:30:36 IST" name="PostMethodTest" finished-at="2023-09-10T16:30:40 IST" duration-ms="3360" status="PASS">
          <reporter-output>
          </reporter-output>
        </test-method> <!-- PostMethodTest -->
        <test-method signature="GetPostByIdTest()[pri:3, instance:test.ApiTest@3febb011]" started-at="2023-09-10T16:30:40 IST" name="GetPostByIdTest" finished-at="2023-09-10T16:30:42 IST" duration-ms="2553" status="PASS">
          <reporter-output>
          </reporter-output>
        </test-method> <!-- GetPostByIdTest -->
        <test-method signature="UpdateMethodTest()[pri:4, instance:test.ApiTest@3febb011]" started-at="2023-09-10T16:30:42 IST" name="UpdateMethodTest" finished-at="2023-09-10T16:30:45 IST" duration-ms="3097" status="PASS">
          <reporter-output>
          </reporter-output>
        </test-method> <!-- UpdateMethodTest -->
        <test-method signature="DeleteMethodTest()[pri:5, instance:test.ApiTest@3febb011]" started-at="2023-09-10T16:30:45 IST" name="DeleteMethodTest" finished-at="2023-09-10T16:30:48 IST" duration-ms="2860" status="PASS">
          <reporter-output>
          </reporter-output>
        </test-method> <!-- DeleteMethodTest -->
      </class> <!-- test.ApiTest -->
    </test> <!-- Surefire test -->
  </suite> <!-- Surefire suite -->
</testng-results>
